<?xml version="1.0" encoding="utf-8"?><testsuites><testsuite name="pytest" errors="0" failures="0" skipped="0" tests="1" time="98.113" timestamp="2025-10-16T13:33:51.178824" hostname="imacdeMacBook-Air.local"><testcase classname="tests.test_bl005_plan_execution_onboarding.TestBL005PlanExecutionOnboarding" name="test_will_zhang_onboarding_with_multiple_retries_and_resume" time="98.075" /></testsuite></testsuites>