<?xml version="1.0" encoding="utf-8"?><testsuites><testsuite name="pytest" errors="0" failures="1" skipped="0" tests="1" time="1.101" timestamp="2025-09-25T18:54:32.913242" hostname="imacdeMacBook-Air.local"><testcase classname="tests.test_bl012_listener_engine.TestBL012ListenerEngine" name="test_listener_priority_execution" time="1.005"><failure message="AssertionError: assert 'NotStarted' == 'Running'&#10;  - Running&#10;  + NotStarted">tests/test_bl012_listener_engine.py:526: in test_listener_priority_execution
    assert task_b.status == "Running"  # 高优先级侦听器触发
E   AssertionError: assert 'NotStarted' == 'Running'
E     - Running
E     + NotStarted</failure></testcase></testsuite></testsuites>